

Started GET "/" for 127.0.0.1 at 2014-12-18 18:39:11 +0000

ActionController::RoutingError (No route matches [GET] "/"):
  actionpack (3.2.21) lib/action_dispatch/middleware/debug_exceptions.rb:21:in `call'
  actionpack (3.2.21) lib/action_dispatch/middleware/show_exceptions.rb:56:in `call'
  railties (3.2.21) lib/rails/rack/logger.rb:32:in `call_app'
  railties (3.2.21) lib/rails/rack/logger.rb:16:in `block in call'
  activesupport (3.2.21) lib/active_support/tagged_logging.rb:22:in `tagged'
  railties (3.2.21) lib/rails/rack/logger.rb:16:in `call'
  actionpack (3.2.21) lib/action_dispatch/middleware/request_id.rb:22:in `call'
  rack (1.4.5) lib/rack/methodoverride.rb:21:in `call'
  rack (1.4.5) lib/rack/runtime.rb:17:in `call'
  activesupport (3.2.21) lib/active_support/cache/strategy/local_cache.rb:72:in `call'
  actionpack (3.2.21) lib/action_dispatch/middleware/static.rb:83:in `call'
  railties (3.2.21) lib/rails/engine.rb:484:in `call'
  railties (3.2.21) lib/rails/application.rb:231:in `call'
  railties (3.2.21) lib/rails/railtie/configurable.rb:30:in `method_missing'
  rack (1.4.5) lib/rack/lint.rb:48:in `_call'
  rack (1.4.5) lib/rack/lint.rb:36:in `call'
  rack (1.4.5) lib/rack/showexceptions.rb:24:in `call'
  rack (1.4.5) lib/rack/commonlogger.rb:33:in `call'
  rack (1.4.5) lib/rack/chunked.rb:43:in `call'
  rack (1.4.5) lib/rack/content_length.rb:14:in `call'
  thin (1.6.3) lib/thin/connection.rb:86:in `block in pre_process'
  thin (1.6.3) lib/thin/connection.rb:84:in `catch'
  thin (1.6.3) lib/thin/connection.rb:84:in `pre_process'
  thin (1.6.3) lib/thin/connection.rb:53:in `process'
  thin (1.6.3) lib/thin/connection.rb:39:in `receive_data'
  eventmachine (1.0.3) lib/eventmachine.rb:187:in `run_machine'
  eventmachine (1.0.3) lib/eventmachine.rb:187:in `run'
  thin (1.6.3) lib/thin/backends/base.rb:73:in `start'
  thin (1.6.3) lib/thin/server.rb:162:in `start'
  rack (1.4.5) lib/rack/handler/thin.rb:13:in `run'
  rack (1.4.5) lib/rack/server.rb:268:in `start'
  rack (1.4.5) lib/rack/server.rb:137:in `start'
  rack (1.4.5) bin/rackup:4:in `<top (required)>'
  /Users/jeromepratt/.rvm/gems/ruby-2.0.0-p451/bin/rackup:23:in `load'
  /Users/jeromepratt/.rvm/gems/ruby-2.0.0-p451/bin/rackup:23:in `<main>'
  /Users/jeromepratt/.rvm/gems/ruby-2.0.0-p451/bin/ruby_executable_hooks:15:in `eval'
  /Users/jeromepratt/.rvm/gems/ruby-2.0.0-p451/bin/ruby_executable_hooks:15:in `<main>'




Started GET "/hello/world" for 127.0.0.1 at 2014-12-18 18:39:18 +0000
  Rendered text template (0.0ms)


Started GET "/hello/world" for 127.0.0.1 at 2014-12-18 18:44:05 +0000
  Rendered text template (0.0ms)


Started GET "/" for 127.0.0.1 at 2014-12-18 18:46:43 +0000

ActionController::RoutingError (No route matches [GET] "/"):
  actionpack (3.2.21) lib/action_dispatch/middleware/debug_exceptions.rb:21:in `call'
  actionpack (3.2.21) lib/action_dispatch/middleware/show_exceptions.rb:56:in `call'
  railties (3.2.21) lib/rails/rack/logger.rb:32:in `call_app'
  railties (3.2.21) lib/rails/rack/logger.rb:16:in `block in call'
  activesupport (3.2.21) lib/active_support/tagged_logging.rb:22:in `tagged'
  railties (3.2.21) lib/rails/rack/logger.rb:16:in `call'
  actionpack (3.2.21) lib/action_dispatch/middleware/request_id.rb:22:in `call'
  rack (1.4.5) lib/rack/methodoverride.rb:21:in `call'
  rack (1.4.5) lib/rack/runtime.rb:17:in `call'
  activesupport (3.2.21) lib/active_support/cache/strategy/local_cache.rb:72:in `call'
  actionpack (3.2.21) lib/action_dispatch/middleware/static.rb:83:in `call'
  railties (3.2.21) lib/rails/engine.rb:484:in `call'
  railties (3.2.21) lib/rails/application.rb:231:in `call'
  railties (3.2.21) lib/rails/railtie/configurable.rb:30:in `method_missing'
  rack (1.4.5) lib/rack/lint.rb:48:in `_call'
  rack (1.4.5) lib/rack/lint.rb:36:in `call'
  rack (1.4.5) lib/rack/showexceptions.rb:24:in `call'
  rack (1.4.5) lib/rack/commonlogger.rb:33:in `call'
  rack (1.4.5) lib/rack/chunked.rb:43:in `call'
  rack (1.4.5) lib/rack/content_length.rb:14:in `call'
  thin (1.6.3) lib/thin/connection.rb:86:in `block in pre_process'
  thin (1.6.3) lib/thin/connection.rb:84:in `catch'
  thin (1.6.3) lib/thin/connection.rb:84:in `pre_process'
  thin (1.6.3) lib/thin/connection.rb:53:in `process'
  thin (1.6.3) lib/thin/connection.rb:39:in `receive_data'
  eventmachine (1.0.3) lib/eventmachine.rb:187:in `run_machine'
  eventmachine (1.0.3) lib/eventmachine.rb:187:in `run'
  thin (1.6.3) lib/thin/backends/base.rb:73:in `start'
  thin (1.6.3) lib/thin/server.rb:162:in `start'
  rack (1.4.5) lib/rack/handler/thin.rb:13:in `run'
  rack (1.4.5) lib/rack/server.rb:268:in `start'
  rack (1.4.5) lib/rack/server.rb:137:in `start'
  rack (1.4.5) bin/rackup:4:in `<top (required)>'
  /Users/jeromepratt/.rvm/gems/ruby-2.0.0-p451/bin/rackup:23:in `load'
  /Users/jeromepratt/.rvm/gems/ruby-2.0.0-p451/bin/rackup:23:in `<main>'
  /Users/jeromepratt/.rvm/gems/ruby-2.0.0-p451/bin/ruby_executable_hooks:15:in `eval'
  /Users/jeromepratt/.rvm/gems/ruby-2.0.0-p451/bin/ruby_executable_hooks:15:in `<main>'




Started GET "/" for 127.0.0.1 at 2014-12-18 18:46:45 +0000

ActionController::RoutingError (No route matches [GET] "/"):
  actionpack (3.2.21) lib/action_dispatch/middleware/debug_exceptions.rb:21:in `call'
  actionpack (3.2.21) lib/action_dispatch/middleware/show_exceptions.rb:56:in `call'
  railties (3.2.21) lib/rails/rack/logger.rb:32:in `call_app'
  railties (3.2.21) lib/rails/rack/logger.rb:16:in `block in call'
  activesupport (3.2.21) lib/active_support/tagged_logging.rb:22:in `tagged'
  railties (3.2.21) lib/rails/rack/logger.rb:16:in `call'
  actionpack (3.2.21) lib/action_dispatch/middleware/request_id.rb:22:in `call'
  rack (1.4.5) lib/rack/methodoverride.rb:21:in `call'
  rack (1.4.5) lib/rack/runtime.rb:17:in `call'
  activesupport (3.2.21) lib/active_support/cache/strategy/local_cache.rb:72:in `call'
  actionpack (3.2.21) lib/action_dispatch/middleware/static.rb:83:in `call'
  railties (3.2.21) lib/rails/engine.rb:484:in `call'
  railties (3.2.21) lib/rails/application.rb:231:in `call'
  railties (3.2.21) lib/rails/railtie/configurable.rb:30:in `method_missing'
  rack (1.4.5) lib/rack/lint.rb:48:in `_call'
  rack (1.4.5) lib/rack/lint.rb:36:in `call'
  rack (1.4.5) lib/rack/showexceptions.rb:24:in `call'
  rack (1.4.5) lib/rack/commonlogger.rb:33:in `call'
  rack (1.4.5) lib/rack/chunked.rb:43:in `call'
  rack (1.4.5) lib/rack/content_length.rb:14:in `call'
  thin (1.6.3) lib/thin/connection.rb:86:in `block in pre_process'
  thin (1.6.3) lib/thin/connection.rb:84:in `catch'
  thin (1.6.3) lib/thin/connection.rb:84:in `pre_process'
  thin (1.6.3) lib/thin/connection.rb:53:in `process'
  thin (1.6.3) lib/thin/connection.rb:39:in `receive_data'
  eventmachine (1.0.3) lib/eventmachine.rb:187:in `run_machine'
  eventmachine (1.0.3) lib/eventmachine.rb:187:in `run'
  thin (1.6.3) lib/thin/backends/base.rb:73:in `start'
  thin (1.6.3) lib/thin/server.rb:162:in `start'
  rack (1.4.5) lib/rack/handler/thin.rb:13:in `run'
  rack (1.4.5) lib/rack/server.rb:268:in `start'
  rack (1.4.5) lib/rack/server.rb:137:in `start'
  rack (1.4.5) bin/rackup:4:in `<top (required)>'
  /Users/jeromepratt/.rvm/gems/ruby-2.0.0-p451/bin/rackup:23:in `load'
  /Users/jeromepratt/.rvm/gems/ruby-2.0.0-p451/bin/rackup:23:in `<main>'
  /Users/jeromepratt/.rvm/gems/ruby-2.0.0-p451/bin/ruby_executable_hooks:15:in `eval'
  /Users/jeromepratt/.rvm/gems/ruby-2.0.0-p451/bin/ruby_executable_hooks:15:in `<main>'




Started GET "/hello/world" for 127.0.0.1 at 2014-12-18 18:46:49 +0000
  Rendered text template (0.0ms)


Started GET "/" for 127.0.0.1 at 2014-12-18 18:47:34 +0000

AbstractController::ActionNotFound (The action 'home' could not be found for HelloController):
  actionpack (3.2.21) lib/abstract_controller/base.rb:116:in `process'
  actionpack (3.2.21) lib/abstract_controller/rendering.rb:45:in `process'
  actionpack (3.2.21) lib/action_controller/metal.rb:203:in `dispatch'
  actionpack (3.2.21) lib/action_controller/metal.rb:246:in `block in action'
  actionpack (3.2.21) lib/action_dispatch/routing/route_set.rb:73:in `call'
  actionpack (3.2.21) lib/action_dispatch/routing/route_set.rb:73:in `dispatch'
  actionpack (3.2.21) lib/action_dispatch/routing/route_set.rb:36:in `call'
  journey (1.0.4) lib/journey/router.rb:68:in `block in call'
  journey (1.0.4) lib/journey/router.rb:56:in `each'
  journey (1.0.4) lib/journey/router.rb:56:in `call'
  actionpack (3.2.21) lib/action_dispatch/routing/route_set.rb:608:in `call'
  rack (1.4.5) lib/rack/etag.rb:23:in `call'
  rack (1.4.5) lib/rack/conditionalget.rb:25:in `call'
  actionpack (3.2.21) lib/action_dispatch/middleware/head.rb:14:in `call'
  actionpack (3.2.21) lib/action_dispatch/middleware/params_parser.rb:21:in `call'
  rack (1.4.5) lib/rack/session/abstract/id.rb:210:in `context'
  rack (1.4.5) lib/rack/session/abstract/id.rb:205:in `call'
  actionpack (3.2.21) lib/action_dispatch/middleware/cookies.rb:341:in `call'
  actionpack (3.2.21) lib/action_dispatch/middleware/callbacks.rb:28:in `block in call'
  activesupport (3.2.21) lib/active_support/callbacks.rb:405:in `_run__1664298541223441453__call__989513447622807856__callbacks'
  activesupport (3.2.21) lib/active_support/callbacks.rb:405:in `__run_callback'
  activesupport (3.2.21) lib/active_support/callbacks.rb:385:in `_run_call_callbacks'
  activesupport (3.2.21) lib/active_support/callbacks.rb:81:in `run_callbacks'
  actionpack (3.2.21) lib/action_dispatch/middleware/callbacks.rb:27:in `call'
  actionpack (3.2.21) lib/action_dispatch/middleware/remote_ip.rb:31:in `call'
  actionpack (3.2.21) lib/action_dispatch/middleware/debug_exceptions.rb:16:in `call'
  actionpack (3.2.21) lib/action_dispatch/middleware/show_exceptions.rb:56:in `call'
  railties (3.2.21) lib/rails/rack/logger.rb:32:in `call_app'
  railties (3.2.21) lib/rails/rack/logger.rb:16:in `block in call'
  activesupport (3.2.21) lib/active_support/tagged_logging.rb:22:in `tagged'
  railties (3.2.21) lib/rails/rack/logger.rb:16:in `call'
  actionpack (3.2.21) lib/action_dispatch/middleware/request_id.rb:22:in `call'
  rack (1.4.5) lib/rack/methodoverride.rb:21:in `call'
  rack (1.4.5) lib/rack/runtime.rb:17:in `call'
  activesupport (3.2.21) lib/active_support/cache/strategy/local_cache.rb:72:in `call'
  actionpack (3.2.21) lib/action_dispatch/middleware/static.rb:83:in `call'
  railties (3.2.21) lib/rails/engine.rb:484:in `call'
  railties (3.2.21) lib/rails/application.rb:231:in `call'
  railties (3.2.21) lib/rails/railtie/configurable.rb:30:in `method_missing'
  rack (1.4.5) lib/rack/lint.rb:48:in `_call'
  rack (1.4.5) lib/rack/lint.rb:36:in `call'
  rack (1.4.5) lib/rack/showexceptions.rb:24:in `call'
  rack (1.4.5) lib/rack/commonlogger.rb:33:in `call'
  rack (1.4.5) lib/rack/chunked.rb:43:in `call'
  rack (1.4.5) lib/rack/content_length.rb:14:in `call'
  thin (1.6.3) lib/thin/connection.rb:86:in `block in pre_process'
  thin (1.6.3) lib/thin/connection.rb:84:in `catch'
  thin (1.6.3) lib/thin/connection.rb:84:in `pre_process'
  thin (1.6.3) lib/thin/connection.rb:53:in `process'
  thin (1.6.3) lib/thin/connection.rb:39:in `receive_data'
  eventmachine (1.0.3) lib/eventmachine.rb:187:in `run_machine'
  eventmachine (1.0.3) lib/eventmachine.rb:187:in `run'
  thin (1.6.3) lib/thin/backends/base.rb:73:in `start'
  thin (1.6.3) lib/thin/server.rb:162:in `start'
  rack (1.4.5) lib/rack/handler/thin.rb:13:in `run'
  rack (1.4.5) lib/rack/server.rb:268:in `start'
  rack (1.4.5) lib/rack/server.rb:137:in `start'
  rack (1.4.5) bin/rackup:4:in `<top (required)>'
  /Users/jeromepratt/.rvm/gems/ruby-2.0.0-p451/bin/rackup:23:in `load'
  /Users/jeromepratt/.rvm/gems/ruby-2.0.0-p451/bin/rackup:23:in `<main>'
  /Users/jeromepratt/.rvm/gems/ruby-2.0.0-p451/bin/ruby_executable_hooks:15:in `eval'
  /Users/jeromepratt/.rvm/gems/ruby-2.0.0-p451/bin/ruby_executable_hooks:15:in `<main>'




Started GET "/" for 127.0.0.1 at 2014-12-18 18:47:36 +0000

AbstractController::ActionNotFound (The action 'home' could not be found for HelloController):
  actionpack (3.2.21) lib/abstract_controller/base.rb:116:in `process'
  actionpack (3.2.21) lib/abstract_controller/rendering.rb:45:in `process'
  actionpack (3.2.21) lib/action_controller/metal.rb:203:in `dispatch'
  actionpack (3.2.21) lib/action_controller/metal.rb:246:in `block in action'
  actionpack (3.2.21) lib/action_dispatch/routing/route_set.rb:73:in `call'
  actionpack (3.2.21) lib/action_dispatch/routing/route_set.rb:73:in `dispatch'
  actionpack (3.2.21) lib/action_dispatch/routing/route_set.rb:36:in `call'
  journey (1.0.4) lib/journey/router.rb:68:in `block in call'
  journey (1.0.4) lib/journey/router.rb:56:in `each'
  journey (1.0.4) lib/journey/router.rb:56:in `call'
  actionpack (3.2.21) lib/action_dispatch/routing/route_set.rb:608:in `call'
  rack (1.4.5) lib/rack/etag.rb:23:in `call'
  rack (1.4.5) lib/rack/conditionalget.rb:25:in `call'
  actionpack (3.2.21) lib/action_dispatch/middleware/head.rb:14:in `call'
  actionpack (3.2.21) lib/action_dispatch/middleware/params_parser.rb:21:in `call'
  rack (1.4.5) lib/rack/session/abstract/id.rb:210:in `context'
  rack (1.4.5) lib/rack/session/abstract/id.rb:205:in `call'
  actionpack (3.2.21) lib/action_dispatch/middleware/cookies.rb:341:in `call'
  actionpack (3.2.21) lib/action_dispatch/middleware/callbacks.rb:28:in `block in call'
  activesupport (3.2.21) lib/active_support/callbacks.rb:405:in `_run__1664298541223441453__call__989513447622807856__callbacks'
  activesupport (3.2.21) lib/active_support/callbacks.rb:405:in `__run_callback'
  activesupport (3.2.21) lib/active_support/callbacks.rb:385:in `_run_call_callbacks'
  activesupport (3.2.21) lib/active_support/callbacks.rb:81:in `run_callbacks'
  actionpack (3.2.21) lib/action_dispatch/middleware/callbacks.rb:27:in `call'
  actionpack (3.2.21) lib/action_dispatch/middleware/remote_ip.rb:31:in `call'
  actionpack (3.2.21) lib/action_dispatch/middleware/debug_exceptions.rb:16:in `call'
  actionpack (3.2.21) lib/action_dispatch/middleware/show_exceptions.rb:56:in `call'
  railties (3.2.21) lib/rails/rack/logger.rb:32:in `call_app'
  railties (3.2.21) lib/rails/rack/logger.rb:16:in `block in call'
  activesupport (3.2.21) lib/active_support/tagged_logging.rb:22:in `tagged'
  railties (3.2.21) lib/rails/rack/logger.rb:16:in `call'
  actionpack (3.2.21) lib/action_dispatch/middleware/request_id.rb:22:in `call'
  rack (1.4.5) lib/rack/methodoverride.rb:21:in `call'
  rack (1.4.5) lib/rack/runtime.rb:17:in `call'
  activesupport (3.2.21) lib/active_support/cache/strategy/local_cache.rb:72:in `call'
  actionpack (3.2.21) lib/action_dispatch/middleware/static.rb:83:in `call'
  railties (3.2.21) lib/rails/engine.rb:484:in `call'
  railties (3.2.21) lib/rails/application.rb:231:in `call'
  railties (3.2.21) lib/rails/railtie/configurable.rb:30:in `method_missing'
  rack (1.4.5) lib/rack/lint.rb:48:in `_call'
  rack (1.4.5) lib/rack/lint.rb:36:in `call'
  rack (1.4.5) lib/rack/showexceptions.rb:24:in `call'
  rack (1.4.5) lib/rack/commonlogger.rb:33:in `call'
  rack (1.4.5) lib/rack/chunked.rb:43:in `call'
  rack (1.4.5) lib/rack/content_length.rb:14:in `call'
  thin (1.6.3) lib/thin/connection.rb:86:in `block in pre_process'
  thin (1.6.3) lib/thin/connection.rb:84:in `catch'
  thin (1.6.3) lib/thin/connection.rb:84:in `pre_process'
  thin (1.6.3) lib/thin/connection.rb:53:in `process'
  thin (1.6.3) lib/thin/connection.rb:39:in `receive_data'
  eventmachine (1.0.3) lib/eventmachine.rb:187:in `run_machine'
  eventmachine (1.0.3) lib/eventmachine.rb:187:in `run'
  thin (1.6.3) lib/thin/backends/base.rb:73:in `start'
  thin (1.6.3) lib/thin/server.rb:162:in `start'
  rack (1.4.5) lib/rack/handler/thin.rb:13:in `run'
  rack (1.4.5) lib/rack/server.rb:268:in `start'
  rack (1.4.5) lib/rack/server.rb:137:in `start'
  rack (1.4.5) bin/rackup:4:in `<top (required)>'
  /Users/jeromepratt/.rvm/gems/ruby-2.0.0-p451/bin/rackup:23:in `load'
  /Users/jeromepratt/.rvm/gems/ruby-2.0.0-p451/bin/rackup:23:in `<main>'
  /Users/jeromepratt/.rvm/gems/ruby-2.0.0-p451/bin/ruby_executable_hooks:15:in `eval'
  /Users/jeromepratt/.rvm/gems/ruby-2.0.0-p451/bin/ruby_executable_hooks:15:in `<main>'




Started GET "/" for 127.0.0.1 at 2014-12-18 18:48:16 +0000

AbstractController::ActionNotFound (The action 'home' could not be found for HelloController):
  actionpack (3.2.21) lib/abstract_controller/base.rb:116:in `process'
  actionpack (3.2.21) lib/abstract_controller/rendering.rb:45:in `process'
  actionpack (3.2.21) lib/action_controller/metal.rb:203:in `dispatch'
  actionpack (3.2.21) lib/action_controller/metal.rb:246:in `block in action'
  actionpack (3.2.21) lib/action_dispatch/routing/route_set.rb:73:in `call'
  actionpack (3.2.21) lib/action_dispatch/routing/route_set.rb:73:in `dispatch'
  actionpack (3.2.21) lib/action_dispatch/routing/route_set.rb:36:in `call'
  journey (1.0.4) lib/journey/router.rb:68:in `block in call'
  journey (1.0.4) lib/journey/router.rb:56:in `each'
  journey (1.0.4) lib/journey/router.rb:56:in `call'
  actionpack (3.2.21) lib/action_dispatch/routing/route_set.rb:608:in `call'
  rack (1.4.5) lib/rack/etag.rb:23:in `call'
  rack (1.4.5) lib/rack/conditionalget.rb:25:in `call'
  actionpack (3.2.21) lib/action_dispatch/middleware/head.rb:14:in `call'
  actionpack (3.2.21) lib/action_dispatch/middleware/params_parser.rb:21:in `call'
  rack (1.4.5) lib/rack/session/abstract/id.rb:210:in `context'
  rack (1.4.5) lib/rack/session/abstract/id.rb:205:in `call'
  actionpack (3.2.21) lib/action_dispatch/middleware/cookies.rb:341:in `call'
  actionpack (3.2.21) lib/action_dispatch/middleware/callbacks.rb:28:in `block in call'
  activesupport (3.2.21) lib/active_support/callbacks.rb:405:in `_run__1664298541223441453__call__989513447622807856__callbacks'
  activesupport (3.2.21) lib/active_support/callbacks.rb:405:in `__run_callback'
  activesupport (3.2.21) lib/active_support/callbacks.rb:385:in `_run_call_callbacks'
  activesupport (3.2.21) lib/active_support/callbacks.rb:81:in `run_callbacks'
  actionpack (3.2.21) lib/action_dispatch/middleware/callbacks.rb:27:in `call'
  actionpack (3.2.21) lib/action_dispatch/middleware/remote_ip.rb:31:in `call'
  actionpack (3.2.21) lib/action_dispatch/middleware/debug_exceptions.rb:16:in `call'
  actionpack (3.2.21) lib/action_dispatch/middleware/show_exceptions.rb:56:in `call'
  railties (3.2.21) lib/rails/rack/logger.rb:32:in `call_app'
  railties (3.2.21) lib/rails/rack/logger.rb:16:in `block in call'
  activesupport (3.2.21) lib/active_support/tagged_logging.rb:22:in `tagged'
  railties (3.2.21) lib/rails/rack/logger.rb:16:in `call'
  actionpack (3.2.21) lib/action_dispatch/middleware/request_id.rb:22:in `call'
  rack (1.4.5) lib/rack/methodoverride.rb:21:in `call'
  rack (1.4.5) lib/rack/runtime.rb:17:in `call'
  activesupport (3.2.21) lib/active_support/cache/strategy/local_cache.rb:72:in `call'
  actionpack (3.2.21) lib/action_dispatch/middleware/static.rb:83:in `call'
  railties (3.2.21) lib/rails/engine.rb:484:in `call'
  railties (3.2.21) lib/rails/application.rb:231:in `call'
  railties (3.2.21) lib/rails/railtie/configurable.rb:30:in `method_missing'
  rack (1.4.5) lib/rack/lint.rb:48:in `_call'
  rack (1.4.5) lib/rack/lint.rb:36:in `call'
  rack (1.4.5) lib/rack/showexceptions.rb:24:in `call'
  rack (1.4.5) lib/rack/commonlogger.rb:33:in `call'
  rack (1.4.5) lib/rack/chunked.rb:43:in `call'
  rack (1.4.5) lib/rack/content_length.rb:14:in `call'
  thin (1.6.3) lib/thin/connection.rb:86:in `block in pre_process'
  thin (1.6.3) lib/thin/connection.rb:84:in `catch'
  thin (1.6.3) lib/thin/connection.rb:84:in `pre_process'
  thin (1.6.3) lib/thin/connection.rb:53:in `process'
  thin (1.6.3) lib/thin/connection.rb:39:in `receive_data'
  eventmachine (1.0.3) lib/eventmachine.rb:187:in `run_machine'
  eventmachine (1.0.3) lib/eventmachine.rb:187:in `run'
  thin (1.6.3) lib/thin/backends/base.rb:73:in `start'
  thin (1.6.3) lib/thin/server.rb:162:in `start'
  rack (1.4.5) lib/rack/handler/thin.rb:13:in `run'
  rack (1.4.5) lib/rack/server.rb:268:in `start'
  rack (1.4.5) lib/rack/server.rb:137:in `start'
  rack (1.4.5) bin/rackup:4:in `<top (required)>'
  /Users/jeromepratt/.rvm/gems/ruby-2.0.0-p451/bin/rackup:23:in `load'
  /Users/jeromepratt/.rvm/gems/ruby-2.0.0-p451/bin/rackup:23:in `<main>'
  /Users/jeromepratt/.rvm/gems/ruby-2.0.0-p451/bin/ruby_executable_hooks:15:in `eval'
  /Users/jeromepratt/.rvm/gems/ruby-2.0.0-p451/bin/ruby_executable_hooks:15:in `<main>'




Started GET "/" for 127.0.0.1 at 2014-12-18 18:48:23 +0000
  Rendered text template (0.0ms)
